<?xml version="1.0" encoding="UTF-8"?>
<!-- Generated by org.testng.reporters.JUnitXMLReporter -->
<testsuite ignored="1" hostname="DESKTOP-6E13JVC" failures="0" tests="1" name="Default test" time="16.746" errors="0" timestamp="2022-08-10T22:49:24 IST">
  <testcase classname="com.fb.qa.testcases.LoginPageTest" name="loginTest" time="4.043"/>
  <testcase classname="com.fb.qa.testcases.LoginPageTest" name="loginPageTitleTest" time="0.0">
    <ignored/>
  </testcase> <!-- loginPageTitleTest -->
</testsuite> <!-- Default test -->
