<?xml version="1.0" encoding="UTF-8"?>
<!-- Generated by org.testng.reporters.JUnitXMLReporter -->
<testsuite ignored="0" hostname="DESKTOP-6E13JVC" failures="0" tests="13" name="Test" time="238.695" errors="0" timestamp="2022-08-12T16:43:57 IST">
  <testcase classname="com.fb.qa.excel.ExcelDataProviderTest" name="test1" time="8.315"/>
  <testcase classname="com.fb.qa.excel.ExcelDataProviderTest" name="test1" time="8.189"/>
  <testcase classname="com.fb.qa.excel.ExcelDataProviderTest" name="test1" time="10.891"/>
  <testcase classname="com.fb.qa.testcases.SignUpPageTest" name="signUpPageTitleTest" time="0.016"/>
  <testcase classname="com.fb.qa.testcases.SignUpPageTest" name="SignUpTest" time="1.749"/>
  <testcase classname="com.fb.qa.testcases.LoginPageTest" name="loginPageTitleTest" time="0.106"/>
  <testcase classname="com.fb.qa.testcases.LoginPageTest" name="loginTest" time="4.07"/>
  <testcase classname="com.fb.qa.testcases.ProfilePageTest" name="checkProfilePageTest" time="0.726"/>
  <testcase classname="com.fb.qa.testcases.ProfilePageTest" name="checkBioDataEntryTest" time="4.952"/>
  <testcase classname="com.fb.qa.testcases.ProfilePageTest" name="seeAllPhotosTest" time="3.162"/>
  <testcase classname="com.fb.qa.testcases.ProfilePageTest" name="editProfileTest" time="3.762"/>
  <testcase classname="com.fb.qa.testcases.HomePageTest" name="verifyHomePageTitleTest" time="0.009"/>
  <testcase classname="com.fb.qa.testcases.HomePageTest" name="verifyUserNameTest" time="0.102"/>
</testsuite> <!-- Test -->
