<?xml version="1.0" encoding="UTF-8"?>
<testng-results ignored="0" total="2" passed="2" failed="0" skipped="0">
  <reporter-output>
  </reporter-output>
  <suite started-at="2022-08-06T08:36:18 IST" name="Default suite" finished-at="2022-08-06T08:36:40 IST" duration-ms="22500">
    <groups>
    </groups>
    <test started-at="2022-08-06T08:36:18 IST" name="Default test" finished-at="2022-08-06T08:36:40 IST" duration-ms="22500">
      <class name="com.fb.qa.testcases.HomePageTest">
        <test-method is-config="true" signature="setUp()[pri:0, instance:com.fb.qa.testcases.HomePageTest@50eac852]" started-at="2022-08-06T08:36:18 IST" name="setUp" finished-at="2022-08-06T08:36:24 IST" duration-ms="6377" status="PASS">
          <reporter-output>
          </reporter-output>
        </test-method> <!-- setUp -->
        <test-method signature="verifyHomePageTitleTest()[pri:1, instance:com.fb.qa.testcases.HomePageTest@50eac852]" started-at="2022-08-06T08:36:24 IST" name="verifyHomePageTitleTest" finished-at="2022-08-06T08:36:29 IST" duration-ms="4395" status="PASS">
          <reporter-output>
          </reporter-output>
        </test-method> <!-- verifyHomePageTitleTest -->
        <test-method is-config="true" signature="tearDown()[pri:0, instance:com.fb.qa.testcases.HomePageTest@50eac852]" started-at="2022-08-06T08:36:29 IST" name="tearDown" finished-at="2022-08-06T08:36:29 IST" duration-ms="310" status="PASS">
          <reporter-output>
          </reporter-output>
        </test-method> <!-- tearDown -->
        <test-method is-config="true" signature="setUp()[pri:0, instance:com.fb.qa.testcases.HomePageTest@50eac852]" started-at="2022-08-06T08:36:29 IST" name="setUp" finished-at="2022-08-06T08:36:33 IST" duration-ms="4640" status="PASS">
          <reporter-output>
          </reporter-output>
        </test-method> <!-- setUp -->
        <test-method signature="verifyUserNameTest()[pri:2, instance:com.fb.qa.testcases.HomePageTest@50eac852]" started-at="2022-08-06T08:36:33 IST" name="verifyUserNameTest" finished-at="2022-08-06T08:36:40 IST" duration-ms="6215" status="PASS">
          <reporter-output>
          </reporter-output>
        </test-method> <!-- verifyUserNameTest -->
        <test-method is-config="true" signature="tearDown()[pri:0, instance:com.fb.qa.testcases.HomePageTest@50eac852]" started-at="2022-08-06T08:36:40 IST" name="tearDown" finished-at="2022-08-06T08:36:40 IST" duration-ms="505" status="PASS">
          <reporter-output>
          </reporter-output>
        </test-method> <!-- tearDown -->
      </class> <!-- com.fb.qa.testcases.HomePageTest -->
    </test> <!-- Default test -->
  </suite> <!-- Default suite -->
</testng-results>
